<?xml version="1.0" encoding="UTF-8"?>
<!-- Generated by org.testng.reporters.JUnitReportReporter -->
<testsuite hostname="DESKTOP-233OFD6" failures="0" tests="1" name="zavrsnitest.Test5th" time="10.363" errors="0" timestamp="30 Aug 2019 18:19:28 GMT" skipped="0">
  <testcase classname="zavrsnitest.Test5th" name="ArchiveTest" time="10.363"/>
</testsuite> <!-- zavrsnitest.Test5th -->
