<?xml version="1.0" encoding="UTF-8"?>
<!-- Generated by org.testng.reporters.JUnitReportReporter -->
<testsuite hostname="DESKTOP-233OFD6" failures="0" tests="1" name="zavrsnitest.Test1st" time="7.889" errors="0" timestamp="30 Aug 2019 16:37:59 GMT" skipped="0">
  <testcase classname="zavrsnitest.Test1st" name="ArchiveTest" time="7.889"/>
</testsuite> <!-- zavrsnitest.Test1st -->
